<?xml version="1.0" encoding="UTF-8"?>
<testng-results ignored="0" total="1" passed="1" failed="0" skipped="0">
  <reporter-output>
    <line>
      <![CDATA[user entered title]]>
    </line>
    <line>
      <![CDATA[Selected date of birth]]>
    </line>
    <line>
      <![CDATA[entered user name]]>
    </line>
    <line>
      <![CDATA[user last name entered]]>
    </line>
    <line>
      <![CDATA[user email is entered]]>
    </line>
    <line>
      <![CDATA[selected india]]>
    </line>
    <line>
      <![CDATA[user phone number  is entered]]>
    </line>
    <line>
      <![CDATA[user password  is entered]]>
    </line>
    <line>
      <![CDATA[user confirmation password  is entered]]>
    </line>
    <line>
      <![CDATA[checkmarked  terms]]>
    </line>
    <line>
      <![CDATA[clicked on submit button]]>
    </line>
    <line>
      <![CDATA[Test case is passed]]>
    </line>
  </reporter-output>
  <suite started-at="2024-10-16T09:12:59 IST" name="Default suite" finished-at="2024-10-16T09:14:39 IST" duration-ms="100550">
    <groups>
    </groups>
    <test started-at="2024-10-16T09:12:59 IST" name="Default test" finished-at="2024-10-16T09:14:39 IST" duration-ms="100550">
      <class name="com.mkt.test.Project2.TC1_verify_Spicejet_New_user_Registeration">
        <test-method is-config="true" signature="launchBrowser()[pri:0, instance:com.mkt.test.Project2.TC1_verify_Spicejet_New_user_Registeration@56cdfb3b]" started-at="2024-10-16T09:12:59 IST" name="launchBrowser" finished-at="2024-10-16T09:13:59 IST" duration-ms="59973" status="PASS">
          <reporter-output>
          </reporter-output>
        </test-method> <!-- launchBrowser -->
        <test-method signature="Verify_sucessfully_register()[pri:0, instance:com.mkt.test.Project2.TC1_verify_Spicejet_New_user_Registeration@56cdfb3b]" started-at="2024-10-16T09:13:59 IST" name="Verify_sucessfully_register" finished-at="2024-10-16T09:14:39 IST" duration-ms="40121" status="PASS">
          <reporter-output>
            <line>
              <![CDATA[user entered title]]>
            </line>
            <line>
              <![CDATA[Selected date of birth]]>
            </line>
            <line>
              <![CDATA[entered user name]]>
            </line>
            <line>
              <![CDATA[user last name entered]]>
            </line>
            <line>
              <![CDATA[user email is entered]]>
            </line>
            <line>
              <![CDATA[selected india]]>
            </line>
            <line>
              <![CDATA[user phone number  is entered]]>
            </line>
            <line>
              <![CDATA[user password  is entered]]>
            </line>
            <line>
              <![CDATA[user confirmation password  is entered]]>
            </line>
            <line>
              <![CDATA[checkmarked  terms]]>
            </line>
            <line>
              <![CDATA[clicked on submit button]]>
            </line>
            <line>
              <![CDATA[Test case is passed]]>
            </line>
          </reporter-output>
        </test-method> <!-- Verify_sucessfully_register -->
        <test-method is-config="true" signature="closeBrowser()[pri:0, instance:com.mkt.test.Project2.TC1_verify_Spicejet_New_user_Registeration@56cdfb3b]" started-at="2024-10-16T09:14:39 IST" name="closeBrowser" finished-at="2024-10-16T09:14:39 IST" duration-ms="0" status="PASS">
          <reporter-output>
          </reporter-output>
        </test-method> <!-- closeBrowser -->
      </class> <!-- com.mkt.test.Project2.TC1_verify_Spicejet_New_user_Registeration -->
    </test> <!-- Default test -->
  </suite> <!-- Default suite -->
</testng-results>
